Removed Pin From Net: NetName=GND Pin=R74-2
Removed Pin From Net: NetName=3.3V-1 Pin=R75-2
Removed Pin From Net: NetName=3.3V-1 Pin=R76-2
Removed Pin From Net: NetName=3.3V-1 Pin=U17-1
Removed Pin From Net: NetName=GND Pin=U17-2
Removed Pin From Net: NetName=RO-IN Pin=U17-4
Removed Pin From Net: NetName=1.8V-1 Pin=U17-6
Removed Pin From Net: NetName=3.3V-1 Pin=U18-1
Removed Pin From Net: NetName=GND Pin=U18-2
Removed Pin From Net: NetName=CI-IN Pin=U18-4
Removed Pin From Net: NetName=1.8V-1 Pin=U18-6
Removed Pin From Net: NetName=3.3V-1 Pin=U19-1
Removed Pin From Net: NetName=GND Pin=U19-2
Removed Pin From Net: NetName=RST-IN Pin=U19-4
Removed Pin From Net: NetName=1.8V-1 Pin=U19-6
Removed Member From Class: ClassName=POWER Member=R74
Removed Member From Class: ClassName=POWER Member=R75
Removed Member From Class: ClassName=POWER Member=R76
Removed Member From Class: ClassName=POWER Member=U17
Removed Member From Class: ClassName=POWER Member=U18
Removed Member From Class: ClassName=POWER Member=U19
Added Pin To Net: NetName=CI-IN Pin=J1-3
Added Pin To Net: NetName=RO-IN Pin=J1-4
Added Pin To Net: NetName=RST-IN Pin=J1-5
